<?xml version="1.0" encoding="UTF-8"?>
<!-- Generated by org.testng.reporters.JUnitReportReporter -->
<testsuite hostname="Rohan" failures="0" tests="1" name="DailyTesting.Nine11" time="87.831" errors="0" timestamp="2025-06-16T22:31:23 IST" skipped="0">
  <testcase classname="DailyTesting.Nine11" name="Products" time="87.831"/>
  <system-out/>
</testsuite> <!-- DailyTesting.Nine11 -->
