<?xml version="1.0" encoding="UTF-8"?>
<!-- Generated by org.testng.reporters.JUnitReportReporter -->
<testsuite hostname="DESKTOP-NF8SMKI" failures="0" tests="1" name="DailyTesting.Nine11" time="91.197" errors="0" timestamp="2025-08-08T16:29:18 IST" skipped="0">
  <testcase classname="DailyTesting.Nine11" name="Products" time="91.197"/>
</testsuite> <!-- DailyTesting.Nine11 -->
